
*** Running vivado
    with args -log camera_top.vds -m64 -mode batch -messageDb vivado.pb -notrace -source camera_top.tcl


****** Vivado v2016.2 (64-bit)
  **** SW Build 1577090 on Thu Jun  2 16:32:40 MDT 2016
  **** IP Build 1577682 on Fri Jun  3 12:00:54 MDT 2016
    ** Copyright 1986-2016 Xilinx, Inc. All Rights Reserved.

source camera_top.tcl -notrace
Command: synth_design -top camera_top -part xc7a100tcsg324-1
Starting synth_design
Attempting to get a license for feature 'Synthesis' and/or device 'xc7a100t'
INFO: [Common 17-349] Got license for feature 'Synthesis' and/or device 'xc7a100t'
INFO: Launching helper process for spawning children vivado processes
INFO: Helper process launched with PID 9712 
---------------------------------------------------------------------------------
Starting RTL Elaboration : Time (s): cpu = 00:00:08 ; elapsed = 00:00:11 . Memory (MB): peak = 305.379 ; gain = 98.051
---------------------------------------------------------------------------------
INFO: [Synth 8-638] synthesizing module 'camera_top' [D:/shuziluoji/bhw/work/code/camera_top.v:1]
INFO: [Synth 8-638] synthesizing module 'clk_wiz_0' [D:/shuziluoji/bhw/work/FPGA-cameral/FPGA-cameral.runs/synth_1/.Xil/Vivado-13704-DESKTOP-R5H3E9D/realtime/clk_wiz_0_stub.v:5]
INFO: [Synth 8-256] done synthesizing module 'clk_wiz_0' (1#1) [D:/shuziluoji/bhw/work/FPGA-cameral/FPGA-cameral.runs/synth_1/.Xil/Vivado-13704-DESKTOP-R5H3E9D/realtime/clk_wiz_0_stub.v:5]
INFO: [Synth 8-638] synthesizing module 'camera_init' [D:/shuziluoji/bhw/work/code/camera_init.v:1]
WARNING: [Synth 8-2898] ignoring pullup [D:/shuziluoji/bhw/work/code/camera_init.v:14]
INFO: [Synth 8-638] synthesizing module 'reg_init' [D:/shuziluoji/bhw/work/code/reg_init.v:1]
	Parameter num_reg bound to: 176 - type: integer 
INFO: [Synth 8-155] case statement is not full and has no default [D:/shuziluoji/bhw/work/code/reg_init.v:22]
INFO: [Synth 8-256] done synthesizing module 'reg_init' (2#1) [D:/shuziluoji/bhw/work/code/reg_init.v:1]
INFO: [Synth 8-638] synthesizing module 'sccb_sender' [D:/shuziluoji/bhw/work/code/sccb_sender.v:1]
INFO: [Synth 8-256] done synthesizing module 'sccb_sender' (3#1) [D:/shuziluoji/bhw/work/code/sccb_sender.v:1]
INFO: [Synth 8-256] done synthesizing module 'camera_init' (4#1) [D:/shuziluoji/bhw/work/code/camera_init.v:1]
INFO: [Synth 8-638] synthesizing module 'camera_get_pic' [D:/shuziluoji/bhw/work/code/camera_get_pic.v:1]
INFO: [Synth 8-256] done synthesizing module 'camera_get_pic' (5#1) [D:/shuziluoji/bhw/work/code/camera_get_pic.v:1]
INFO: [Synth 8-638] synthesizing module 'blk_mem_gen_0' [D:/shuziluoji/bhw/work/FPGA-cameral/FPGA-cameral.runs/synth_1/.Xil/Vivado-13704-DESKTOP-R5H3E9D/realtime/blk_mem_gen_0_stub.v:6]
INFO: [Synth 8-256] done synthesizing module 'blk_mem_gen_0' (6#1) [D:/shuziluoji/bhw/work/FPGA-cameral/FPGA-cameral.runs/synth_1/.Xil/Vivado-13704-DESKTOP-R5H3E9D/realtime/blk_mem_gen_0_stub.v:6]
WARNING: [Synth 8-689] width (12) of port connection 'addrb' does not match port width (19) of module 'blk_mem_gen_0' [D:/shuziluoji/bhw/work/code/camera_top.v:34]
WARNING: [Synth 8-689] width (19) of port connection 'doutb' does not match port width (12) of module 'blk_mem_gen_0' [D:/shuziluoji/bhw/work/code/camera_top.v:34]
INFO: [Synth 8-638] synthesizing module 'vga_display' [D:/shuziluoji/bhw/work/code/vga_display.v:1]
	Parameter x_before bound to: 11'b00010010000 
	Parameter y_before bound to: 11'b00000100011 
	Parameter x_size_pic bound to: 11'b01010000000 
	Parameter y_size_pic bound to: 11'b00111100000 
INFO: [Synth 8-638] synthesizing module 'vga_control' [D:/shuziluoji/bhw/work/code/vga_control.v:2]
	Parameter x_sync bound to: 11'b00001100000 
	Parameter x_before bound to: 11'b00010010000 
	Parameter x_beside_after bound to: 11'b01100010000 
	Parameter x_all bound to: 11'b01100100000 
	Parameter y_sync bound to: 11'b00000000010 
	Parameter y_before bound to: 11'b00000100011 
	Parameter y_beside_after bound to: 11'b01000000011 
	Parameter y_all bound to: 11'b01000001101 
INFO: [Synth 8-256] done synthesizing module 'vga_control' (7#1) [D:/shuziluoji/bhw/work/code/vga_control.v:2]
INFO: [Synth 8-256] done synthesizing module 'vga_display' (8#1) [D:/shuziluoji/bhw/work/code/vga_display.v:1]
WARNING: [Synth 8-689] width (19) of port connection 'color_data_in' does not match port width (12) of module 'vga_display' [D:/shuziluoji/bhw/work/code/camera_top.v:35]
WARNING: [Synth 8-689] width (12) of port connection 'ram_addr' does not match port width (19) of module 'vga_display' [D:/shuziluoji/bhw/work/code/camera_top.v:35]
INFO: [Synth 8-256] done synthesizing module 'camera_top' (9#1) [D:/shuziluoji/bhw/work/code/camera_top.v:1]
WARNING: [Synth 8-3331] design camera_get_pic has unconnected port rst
---------------------------------------------------------------------------------
Finished RTL Elaboration : Time (s): cpu = 00:00:08 ; elapsed = 00:00:12 . Memory (MB): peak = 341.840 ; gain = 134.512
---------------------------------------------------------------------------------

Report Check Netlist: 
+------+------------------+-------+---------+-------+------------------+
|      |Item              |Errors |Warnings |Status |Description       |
+------+------------------+-------+---------+-------+------------------+
|1     |multi_driven_nets |      0|        0|Passed |Multi driven nets |
+------+------------------+-------+---------+-------+------------------+
---------------------------------------------------------------------------------
Finished RTL Optimization Phase 1 : Time (s): cpu = 00:00:09 ; elapsed = 00:00:12 . Memory (MB): peak = 341.840 ; gain = 134.512
---------------------------------------------------------------------------------
WARNING: [Project 1-486] Could not resolve non-primitive black box cell 'blk_mem_gen_0' instantiated as 'buffer' [D:/shuziluoji/bhw/work/code/camera_top.v:34]
WARNING: [Project 1-486] Could not resolve non-primitive black box cell 'clk_wiz_0' instantiated as 'div' [D:/shuziluoji/bhw/work/code/camera_top.v:24]
INFO: [Device 21-403] Loading part xc7a100tcsg324-1
INFO: [Project 1-570] Preparing netlist for logic optimization

Processing XDC Constraints
Initializing timing engine
Parsing XDC File [D:/shuziluoji/bhw/work/FPGA-cameral/FPGA-cameral.runs/synth_1/.Xil/Vivado-13704-DESKTOP-R5H3E9D/dcp/clk_wiz_0_in_context.xdc] for cell 'div'
Finished Parsing XDC File [D:/shuziluoji/bhw/work/FPGA-cameral/FPGA-cameral.runs/synth_1/.Xil/Vivado-13704-DESKTOP-R5H3E9D/dcp/clk_wiz_0_in_context.xdc] for cell 'div'
Parsing XDC File [D:/shuziluoji/bhw/work/FPGA-cameral/FPGA-cameral.runs/synth_1/.Xil/Vivado-13704-DESKTOP-R5H3E9D/dcp_2/blk_mem_gen_0_in_context.xdc] for cell 'buffer'
Finished Parsing XDC File [D:/shuziluoji/bhw/work/FPGA-cameral/FPGA-cameral.runs/synth_1/.Xil/Vivado-13704-DESKTOP-R5H3E9D/dcp_2/blk_mem_gen_0_in_context.xdc] for cell 'buffer'
Parsing XDC File [D:/shuziluoji/bhw/work/xdc/camera.xdc]
Finished Parsing XDC File [D:/shuziluoji/bhw/work/xdc/camera.xdc]
INFO: [Project 1-236] Implementation specific constraints were found while reading constraint file [D:/shuziluoji/bhw/work/xdc/camera.xdc]. These constraints will be ignored for synthesis but will be used in implementation. Impacted constraints are listed in the file [.Xil/camera_top_propImpl.xdc].
Resolution: To avoid this warning, move constraints listed in [.Xil/camera_top_propImpl.xdc] to another XDC file and exclude this new file from synthesis with the used_in_synthesis property (File Properties dialog in GUI) and re-run elaboration/synthesis.
Completed Processing XDC Constraints

INFO: [Project 1-111] Unisim Transformation Summary:
No Unisim elements were transformed.

Constraint Validation Runtime : Time (s): cpu = 00:00:00 ; elapsed = 00:00:00 . Memory (MB): peak = 649.340 ; gain = 0.000
WARNING: [Timing 38-316] Clock period '20.000' specified during out-of-context synthesis of instance 'buffer' at clock pin 'clka' is different from the actual clock period '10.000', this can result in different synthesis results.
---------------------------------------------------------------------------------
Finished Constraint Validation : Time (s): cpu = 00:00:19 ; elapsed = 00:00:24 . Memory (MB): peak = 649.340 ; gain = 442.012
---------------------------------------------------------------------------------
---------------------------------------------------------------------------------
Start Loading Part and Timing Information
---------------------------------------------------------------------------------
Loading part: xc7a100tcsg324-1
---------------------------------------------------------------------------------
Finished Loading Part and Timing Information : Time (s): cpu = 00:00:19 ; elapsed = 00:00:24 . Memory (MB): peak = 649.340 ; gain = 442.012
---------------------------------------------------------------------------------
---------------------------------------------------------------------------------
Start Applying 'set_property' XDC Constraints
---------------------------------------------------------------------------------
Applied set_property IO_BUFFER_TYPE = NONE for clk. (constraint file  D:/shuziluoji/bhw/work/FPGA-cameral/FPGA-cameral.runs/synth_1/.Xil/Vivado-13704-DESKTOP-R5H3E9D/dcp/clk_wiz_0_in_context.xdc, line 4).
Applied set_property CLOCK_BUFFER_TYPE = NONE for clk. (constraint file  D:/shuziluoji/bhw/work/FPGA-cameral/FPGA-cameral.runs/synth_1/.Xil/Vivado-13704-DESKTOP-R5H3E9D/dcp/clk_wiz_0_in_context.xdc, line 5).
---------------------------------------------------------------------------------
Finished applying 'set_property' XDC Constraints : Time (s): cpu = 00:00:19 ; elapsed = 00:00:24 . Memory (MB): peak = 649.340 ; gain = 442.012
---------------------------------------------------------------------------------
INFO: [Synth 8-5546] ROM "data_out" won't be mapped to RAM because it is too sparse
INFO: [Synth 8-5544] ROM "sio_c" won't be mapped to Block RAM because address size (2) smaller than threshold (5)
INFO: [Synth 8-5544] ROM "sio_c" won't be mapped to Block RAM because address size (2) smaller than threshold (5)
INFO: [Synth 8-5546] ROM "sio_c" won't be mapped to RAM because it is too sparse
INFO: [Synth 8-5546] ROM "data_temp" won't be mapped to RAM because it is too sparse
INFO: [Synth 8-5546] ROM "y_poi" won't be mapped to RAM because it is too sparse
WARNING: [Synth 8-327] inferring latch for variable 'ram_addr_reg' [D:/shuziluoji/bhw/work/code/vga_display.v:32]
---------------------------------------------------------------------------------
Finished RTL Optimization Phase 2 : Time (s): cpu = 00:00:19 ; elapsed = 00:00:24 . Memory (MB): peak = 649.340 ; gain = 442.012
---------------------------------------------------------------------------------

Report RTL Partitions: 
+-+--------------+------------+----------+
| |RTL Partition |Replication |Instances |
+-+--------------+------------+----------+
+-+--------------+------------+----------+
---------------------------------------------------------------------------------
Start RTL Component Statistics 
---------------------------------------------------------------------------------
Detailed RTL Component Info : 
+---Adders : 
	   2 Input     21 Bit       Adders := 1     
	   2 Input     19 Bit       Adders := 1     
	   2 Input     12 Bit       Adders := 4     
	   2 Input     11 Bit       Adders := 1     
+---Registers : 
	               32 Bit    Registers := 1     
	               21 Bit    Registers := 1     
	               19 Bit    Registers := 1     
	               16 Bit    Registers := 2     
	               12 Bit    Registers := 3     
	               11 Bit    Registers := 1     
	                2 Bit    Registers := 1     
	                1 Bit    Registers := 4     
+---Muxes : 
	   2 Input     32 Bit        Muxes := 2     
	   2 Input     21 Bit        Muxes := 1     
	   2 Input     12 Bit        Muxes := 2     
	   2 Input      4 Bit        Muxes := 6     
	   3 Input      2 Bit        Muxes := 1     
	   2 Input      2 Bit        Muxes := 2     
	 178 Input      1 Bit        Muxes := 1     
	   2 Input      1 Bit        Muxes := 7     
	   3 Input      1 Bit        Muxes := 2     
	   5 Input      1 Bit        Muxes := 1     
	   4 Input      1 Bit        Muxes := 2     
---------------------------------------------------------------------------------
Finished RTL Component Statistics 
---------------------------------------------------------------------------------
---------------------------------------------------------------------------------
Start RTL Hierarchical Component Statistics 
---------------------------------------------------------------------------------
Hierarchical RTL Component report 
Module reg_init 
Detailed RTL Component Info : 
+---Adders : 
	   2 Input     11 Bit       Adders := 1     
+---Registers : 
	               16 Bit    Registers := 1     
	               11 Bit    Registers := 1     
+---Muxes : 
	 178 Input      1 Bit        Muxes := 1     
	   2 Input      1 Bit        Muxes := 1     
Module sccb_sender 
Detailed RTL Component Info : 
+---Adders : 
	   2 Input     21 Bit       Adders := 1     
+---Registers : 
	               32 Bit    Registers := 1     
	               21 Bit    Registers := 1     
	                1 Bit    Registers := 3     
+---Muxes : 
	   2 Input     32 Bit        Muxes := 2     
	   2 Input     21 Bit        Muxes := 1     
	   3 Input      2 Bit        Muxes := 1     
	   2 Input      1 Bit        Muxes := 5     
	   3 Input      1 Bit        Muxes := 2     
	   5 Input      1 Bit        Muxes := 1     
	   4 Input      1 Bit        Muxes := 2     
Module camera_get_pic 
Detailed RTL Component Info : 
+---Registers : 
	               19 Bit    Registers := 1     
	               16 Bit    Registers := 1     
	               12 Bit    Registers := 1     
	                2 Bit    Registers := 1     
	                1 Bit    Registers := 1     
Module vga_control 
Detailed RTL Component Info : 
+---Adders : 
	   2 Input     12 Bit       Adders := 2     
+---Registers : 
	               12 Bit    Registers := 2     
+---Muxes : 
	   2 Input     12 Bit        Muxes := 2     
	   2 Input      2 Bit        Muxes := 2     
	   2 Input      1 Bit        Muxes := 1     
Module vga_display 
Detailed RTL Component Info : 
+---Adders : 
	   2 Input     19 Bit       Adders := 1     
	   2 Input     12 Bit       Adders := 2     
+---Muxes : 
	   2 Input      4 Bit        Muxes := 6     
---------------------------------------------------------------------------------
Finished RTL Hierarchical Component Statistics
---------------------------------------------------------------------------------
---------------------------------------------------------------------------------
Start Part Resource Summary
---------------------------------------------------------------------------------
Part Resources:
DSPs: 240 (col length:80)
BRAMs: 270 (col length: RAMB18 80 RAMB36 40)
---------------------------------------------------------------------------------
Finished Part Resource Summary
---------------------------------------------------------------------------------
Start Parallel Synthesis Optimization  : Time (s): cpu = 00:00:19 ; elapsed = 00:00:25 . Memory (MB): peak = 649.340 ; gain = 442.012
---------------------------------------------------------------------------------
Start Cross Boundary Optimization
---------------------------------------------------------------------------------
INFO: [Synth 8-5546] ROM "init/sender/sio_c" won't be mapped to RAM because it is too sparse
INFO: [Synth 8-5546] ROM "vga/control/y_poi" won't be mapped to RAM because it is too sparse
DSP Report: Generating DSP vga/ram_addr1, operation Mode is: A*(B:0x280).
DSP Report: operator vga/ram_addr1 is absorbed into DSP vga/ram_addr1.
DSP Report: Generating DSP vga/ram_addr0, operation Mode is: PCIN+(A:0x0):B2+(C:0xffffffffff70).
DSP Report: register vga/control/x_poi_reg is absorbed into DSP vga/ram_addr0.
DSP Report: operator vga/ram_addr0 is absorbed into DSP vga/ram_addr0.
WARNING: [Synth 8-3917] design camera_top has port reset driven by constant 1
WARNING: [Synth 8-3917] design camera_top has port pwdn driven by constant 0
---------------------------------------------------------------------------------
Finished Cross Boundary Optimization : Time (s): cpu = 00:00:20 ; elapsed = 00:00:25 . Memory (MB): peak = 649.340 ; gain = 442.012
---------------------------------------------------------------------------------
Finished Parallel Reinference  : Time (s): cpu = 00:00:20 ; elapsed = 00:00:25 . Memory (MB): peak = 649.340 ; gain = 442.012

Report RTL Partitions: 
+-+--------------+------------+----------+
| |RTL Partition |Replication |Instances |
+-+--------------+------------+----------+
+-+--------------+------------+----------+
---------------------------------------------------------------------------------
Start ROM, RAM, DSP and Shift Register Reporting
---------------------------------------------------------------------------------

ROM:
+------------+------------------------+---------------+----------------+
|Module Name | RTL Object             | Depth x Width | Implemented As | 
+------------+------------------------+---------------+----------------+
|camera_top  | init/init/data_out_reg | 256x16        | Block RAM      | 
+------------+------------------------+---------------+----------------+


DSP: Preliminary Mapping  Report (see note below)
+------------+------------------------------------+--------+--------+--------+--------+--------+------+------+------+------+-------+------+------+
|Module Name | DSP Mapping                        | A Size | B Size | C Size | D Size | P Size | AREG | BREG | CREG | DREG | ADREG | MREG | PREG | 
+------------+------------------------------------+--------+--------+--------+--------+--------+------+------+------+------+-------+------+------+
|vga_display | A*(B:0x280)                        | 19     | 10     | -      | -      | 29     | 0    | 0    | -    | -    | -     | 0    | 0    | 
|camera_top  | PCIN+(A:0x0):B2+(C:0xffffffffff70) | 30     | 12     | 9      | -      | -1     | 0    | 1    | 0    | -    | -     | 0    | 0    | 
+------------+------------------------------------+--------+--------+--------+--------+--------+------+------+------+------+-------+------+------+

Note: The table above is a preliminary report that shows the DSPs inferred at the current stage of the synthesis flow. Some DSP may be reimplemented as non DSP primitives later in the synthesis flow. Multiple instantiated DSPs are reported only once.
---------------------------------------------------------------------------------
Finished ROM, RAM, DSP and Shift Register Reporting
---------------------------------------------------------------------------------
---------------------------------------------------------------------------------
Start Area Optimization
---------------------------------------------------------------------------------
INFO: [Synth 8-3333] propagating constant 1 across sequential element (\init/sender/data_temp_reg[0] )
INFO: [Synth 8-3886] merging instance 'init/sender/data_temp_reg[0]' (FDE) to 'init/sender/data_temp_reg[1]'
INFO: [Synth 8-3333] propagating constant 1 across sequential element (\init/sender/data_temp_reg[1] )
WARNING: [Synth 8-3332] Sequential element (vga/ram_addr_reg[18]) is unused and will be removed from module camera_top.
WARNING: [Synth 8-3332] Sequential element (vga/ram_addr_reg[17]) is unused and will be removed from module camera_top.
WARNING: [Synth 8-3332] Sequential element (vga/ram_addr_reg[16]) is unused and will be removed from module camera_top.
WARNING: [Synth 8-3332] Sequential element (vga/ram_addr_reg[15]) is unused and will be removed from module camera_top.
WARNING: [Synth 8-3332] Sequential element (vga/ram_addr_reg[14]) is unused and will be removed from module camera_top.
WARNING: [Synth 8-3332] Sequential element (vga/ram_addr_reg[13]) is unused and will be removed from module camera_top.
WARNING: [Synth 8-3332] Sequential element (vga/ram_addr_reg[12]) is unused and will be removed from module camera_top.
WARNING: [Synth 8-3332] Sequential element (init/init/count_reg_rep[10]) is unused and will be removed from module camera_top.
WARNING: [Synth 8-3332] Sequential element (init/init/count_reg_rep[9]) is unused and will be removed from module camera_top.
WARNING: [Synth 8-3332] Sequential element (init/init/count_reg_rep[8]) is unused and will be removed from module camera_top.
WARNING: [Synth 8-3332] Sequential element (init/sender/data_temp_reg[1]) is unused and will be removed from module camera_top.
WARNING: [Synth 8-3332] Sequential element (init/sender/data_temp_reg[0]) is unused and will be removed from module camera_top.
WARNING: [Synth 8-3332] Sequential element (get_pic/rgb565_reg[11]) is unused and will be removed from module camera_top.
---------------------------------------------------------------------------------
Finished Area Optimization : Time (s): cpu = 00:00:21 ; elapsed = 00:00:27 . Memory (MB): peak = 649.340 ; gain = 442.012
---------------------------------------------------------------------------------
Finished Parallel Area Optimization  : Time (s): cpu = 00:00:21 ; elapsed = 00:00:27 . Memory (MB): peak = 649.340 ; gain = 442.012

Report RTL Partitions: 
+-+--------------+------------+----------+
| |RTL Partition |Replication |Instances |
+-+--------------+------------+----------+
+-+--------------+------------+----------+
---------------------------------------------------------------------------------
Start Timing Optimization
---------------------------------------------------------------------------------
---------------------------------------------------------------------------------
Start Applying XDC Timing Constraints
---------------------------------------------------------------------------------
INFO: [Synth 8-5578] Moved timing constraint from pin 'div/clk_out1' to pin 'div/bbstub_clk_out1/O'
INFO: [Synth 8-5578] Moved timing constraint from pin 'div/clk_out2' to pin 'div/bbstub_clk_out2/O'
INFO: [Synth 8-5820] Moved 2 constraints on hierarchical pins to their respective driving/loading pins
---------------------------------------------------------------------------------
Finished Applying XDC Timing Constraints : Time (s): cpu = 00:00:39 ; elapsed = 00:00:44 . Memory (MB): peak = 655.328 ; gain = 448.000
---------------------------------------------------------------------------------
---------------------------------------------------------------------------------
Finished Timing Optimization : Time (s): cpu = 00:00:39 ; elapsed = 00:00:44 . Memory (MB): peak = 674.961 ; gain = 467.633
---------------------------------------------------------------------------------

Report RTL Partitions: 
+-+--------------+------------+----------+
| |RTL Partition |Replication |Instances |
+-+--------------+------------+----------+
+-+--------------+------------+----------+
---------------------------------------------------------------------------------
Start Technology Mapping
---------------------------------------------------------------------------------
INFO: [Synth 8-4480] The timing for the instance init/init/data_out_reg (implemented as a block RAM) might be sub-optimal as no optional output register could be merged into the block ram. Providing additional output register may help in improving timing.
---------------------------------------------------------------------------------
Finished Technology Mapping : Time (s): cpu = 00:00:39 ; elapsed = 00:00:45 . Memory (MB): peak = 682.805 ; gain = 475.477
---------------------------------------------------------------------------------
Finished Parallel Technology Mapping Optimization  : Time (s): cpu = 00:00:39 ; elapsed = 00:00:45 . Memory (MB): peak = 682.805 ; gain = 475.477

Report RTL Partitions: 
+-+--------------+------------+----------+
| |RTL Partition |Replication |Instances |
+-+--------------+------------+----------+
+-+--------------+------------+----------+
Finished Parallel Synthesis Optimization  : Time (s): cpu = 00:00:39 ; elapsed = 00:00:45 . Memory (MB): peak = 682.805 ; gain = 475.477
---------------------------------------------------------------------------------
Start IO Insertion
---------------------------------------------------------------------------------
---------------------------------------------------------------------------------
Start Flattening Before IO Insertion
---------------------------------------------------------------------------------
---------------------------------------------------------------------------------
Finished Flattening Before IO Insertion
---------------------------------------------------------------------------------
---------------------------------------------------------------------------------
Start Final Netlist Cleanup
---------------------------------------------------------------------------------
---------------------------------------------------------------------------------
Finished Final Netlist Cleanup
---------------------------------------------------------------------------------
---------------------------------------------------------------------------------
Finished IO Insertion : Time (s): cpu = 00:00:40 ; elapsed = 00:00:45 . Memory (MB): peak = 682.805 ; gain = 475.477
---------------------------------------------------------------------------------

Report Check Netlist: 
+------+------------------+-------+---------+-------+------------------+
|      |Item              |Errors |Warnings |Status |Description       |
+------+------------------+-------+---------+-------+------------------+
|1     |multi_driven_nets |      0|        0|Passed |Multi driven nets |
+------+------------------+-------+---------+-------+------------------+
---------------------------------------------------------------------------------
Start Renaming Generated Instances
---------------------------------------------------------------------------------
---------------------------------------------------------------------------------
Finished Renaming Generated Instances : Time (s): cpu = 00:00:40 ; elapsed = 00:00:45 . Memory (MB): peak = 682.805 ; gain = 475.477
---------------------------------------------------------------------------------

Report RTL Partitions: 
+-+--------------+------------+----------+
| |RTL Partition |Replication |Instances |
+-+--------------+------------+----------+
+-+--------------+------------+----------+
---------------------------------------------------------------------------------
Start Rebuilding User Hierarchy
---------------------------------------------------------------------------------
---------------------------------------------------------------------------------
Finished Rebuilding User Hierarchy : Time (s): cpu = 00:00:40 ; elapsed = 00:00:45 . Memory (MB): peak = 682.805 ; gain = 475.477
---------------------------------------------------------------------------------
---------------------------------------------------------------------------------
Start Renaming Generated Ports
---------------------------------------------------------------------------------
---------------------------------------------------------------------------------
Finished Renaming Generated Ports : Time (s): cpu = 00:00:40 ; elapsed = 00:00:45 . Memory (MB): peak = 682.805 ; gain = 475.477
---------------------------------------------------------------------------------
---------------------------------------------------------------------------------
Start Handling Custom Attributes
---------------------------------------------------------------------------------
---------------------------------------------------------------------------------
Finished Handling Custom Attributes : Time (s): cpu = 00:00:40 ; elapsed = 00:00:45 . Memory (MB): peak = 682.805 ; gain = 475.477
---------------------------------------------------------------------------------
---------------------------------------------------------------------------------
Start Renaming Generated Nets
---------------------------------------------------------------------------------
---------------------------------------------------------------------------------
Finished Renaming Generated Nets : Time (s): cpu = 00:00:40 ; elapsed = 00:00:45 . Memory (MB): peak = 682.805 ; gain = 475.477
---------------------------------------------------------------------------------
---------------------------------------------------------------------------------
Start Writing Synthesis Report
---------------------------------------------------------------------------------

Report BlackBoxes: 
+------+--------------+----------+
|      |BlackBox name |Instances |
+------+--------------+----------+
|1     |clk_wiz_0     |         1|
|2     |blk_mem_gen_0 |         1|
+------+--------------+----------+

Report Cell Usage: 
+------+--------------+------+
|      |Cell          |Count |
+------+--------------+------+
|1     |blk_mem_gen_0 |     1|
|2     |clk_wiz_0     |     1|
|3     |BUFG          |     1|
|4     |CARRY4        |    25|
|5     |DSP48E1       |     1|
|6     |DSP48E1_1     |     1|
|7     |LUT1          |    96|
|8     |LUT2          |    30|
|9     |LUT3          |    19|
|10    |LUT4          |    26|
|11    |LUT5          |    15|
|12    |LUT6          |    35|
|13    |RAMB18E1      |     1|
|14    |XORCY         |     2|
|15    |FDRE          |   154|
|16    |FDSE          |    11|
|17    |LD            |    12|
|18    |IBUF          |    12|
|19    |OBUF          |    18|
|20    |OBUFT         |     1|
+------+--------------+------+

Report Instance Areas: 
+------+------------+---------------+------+
|      |Instance    |Module         |Cells |
+------+------------+---------------+------+
|1     |top         |               |   474|
|2     |  get_pic   |camera_get_pic |    95|
|3     |  init      |camera_init    |   165|
|4     |    init    |reg_init       |    58|
|5     |    sender  |sccb_sender    |   107|
|6     |  vga       |vga_display    |   168|
|7     |    control |vga_control    |   141|
+------+------------+---------------+------+
---------------------------------------------------------------------------------
Finished Writing Synthesis Report : Time (s): cpu = 00:00:40 ; elapsed = 00:00:45 . Memory (MB): peak = 682.805 ; gain = 475.477
---------------------------------------------------------------------------------
Synthesis finished with 0 errors, 0 critical warnings and 16 warnings.
Synthesis Optimization Runtime : Time (s): cpu = 00:00:25 ; elapsed = 00:00:31 . Memory (MB): peak = 682.805 ; gain = 139.539
Synthesis Optimization Complete : Time (s): cpu = 00:00:40 ; elapsed = 00:00:45 . Memory (MB): peak = 682.805 ; gain = 475.477
INFO: [Project 1-571] Translating synthesized netlist
INFO: [Netlist 29-17] Analyzing 54 Unisim elements for replacement
INFO: [Netlist 29-28] Unisim Transformation completed in 0 CPU seconds
INFO: [Project 1-570] Preparing netlist for logic optimization
INFO: [Opt 31-138] Pushed 0 inverter(s) to 0 load pin(s).
INFO: [Project 1-111] Unisim Transformation Summary:
  A total of 14 instances were transformed.
  (MUXCY,XORCY) => CARRY4: 2 instances
  LD => LDCE: 12 instances

INFO: [Common 17-83] Releasing license: Synthesis
46 Infos, 25 Warnings, 0 Critical Warnings and 0 Errors encountered.
synth_design completed successfully
synth_design: Time (s): cpu = 00:00:39 ; elapsed = 00:00:42 . Memory (MB): peak = 682.805 ; gain = 451.410
report_utilization: Time (s): cpu = 00:00:00 ; elapsed = 00:00:00.047 . Memory (MB): peak = 682.805 ; gain = 0.000
INFO: [Common 17-206] Exiting Vivado at Tue Feb 11 15:45:25 2020...
